# IPython log file

# Tue, 15 Feb 2022 16:14:21
import databroker
# Tue, 15 Feb 2022 16:14:33
cat = databroker.catalog['ravioli']
# Tue, 15 Feb 2022 16:14:42
fly_v1 = cat.v1[-2]
# Tue, 15 Feb 2022 16:15:03
fly_v1.table(fly_v1.stream_names[0])
#[Out]#                                  time  ifly_xArr  ifly_tArr
#[Out]# seq_num                                                    
#[Out]# 1       2022-02-15 11:59:43.977440357     -89.99  10.911273
#[Out]# 2       2022-02-15 11:59:43.977678299     -77.97  11.507205
#[Out]# 3       2022-02-15 11:59:43.977690458     -65.95  12.104250
#[Out]# 4       2022-02-15 11:59:43.977699518     -53.93  12.700001
#[Out]# 5       2022-02-15 11:59:43.977705717     -41.91  13.296101
#[Out]# 6       2022-02-15 11:59:43.977712393     -29.88  13.892955
#[Out]# 7       2022-02-15 11:59:43.977719545     -17.86  14.488994
#[Out]# 8       2022-02-15 11:59:43.977725267      -5.83  15.084977
#[Out]# 9       2022-02-15 11:59:43.977730989       6.19  15.680952
#[Out]# 10      2022-02-15 11:59:43.977740288      18.21  16.277116
#[Out]# 11      2022-02-15 11:59:43.977747440      30.24  16.873272
#[Out]# 12      2022-02-15 11:59:43.977756262      42.26  17.469253
#[Out]# 13      2022-02-15 11:59:43.977763891      54.28  18.065208
#[Out]# 14      2022-02-15 11:59:43.977772474      66.31  18.661082
#[Out]# 15      2022-02-15 11:59:43.977780581      78.33  19.257106
#[Out]# 16      2022-02-15 11:59:43.977786779      90.35  19.852998
#[Out]# 17      2022-02-15 11:59:43.977794647     100.00  20.449017
#[Out]# 18      2022-02-15 11:59:43.977803946     100.00  21.045472
#[Out]# 19      2022-02-15 11:59:43.977809906     100.00  21.641597
#[Out]# 20      2022-02-15 11:59:43.977817059     100.00  22.237914
#[Out]# 21      2022-02-15 11:59:43.977824211     100.00  22.833958
# Tue, 15 Feb 2022 16:15:11
get_ipython().run_line_magic('pinfo', 'fly_v1')
# Tue, 15 Feb 2022 16:15:27
dataset = fly_v1.table(fly_v1.stream_names[0])
# Tue, 15 Feb 2022 16:15:31
dataset
#[Out]#                                  time  ifly_xArr  ifly_tArr
#[Out]# seq_num                                                    
#[Out]# 1       2022-02-15 11:59:43.977440357     -89.99  10.911273
#[Out]# 2       2022-02-15 11:59:43.977678299     -77.97  11.507205
#[Out]# 3       2022-02-15 11:59:43.977690458     -65.95  12.104250
#[Out]# 4       2022-02-15 11:59:43.977699518     -53.93  12.700001
#[Out]# 5       2022-02-15 11:59:43.977705717     -41.91  13.296101
#[Out]# 6       2022-02-15 11:59:43.977712393     -29.88  13.892955
#[Out]# 7       2022-02-15 11:59:43.977719545     -17.86  14.488994
#[Out]# 8       2022-02-15 11:59:43.977725267      -5.83  15.084977
#[Out]# 9       2022-02-15 11:59:43.977730989       6.19  15.680952
#[Out]# 10      2022-02-15 11:59:43.977740288      18.21  16.277116
#[Out]# 11      2022-02-15 11:59:43.977747440      30.24  16.873272
#[Out]# 12      2022-02-15 11:59:43.977756262      42.26  17.469253
#[Out]# 13      2022-02-15 11:59:43.977763891      54.28  18.065208
#[Out]# 14      2022-02-15 11:59:43.977772474      66.31  18.661082
#[Out]# 15      2022-02-15 11:59:43.977780581      78.33  19.257106
#[Out]# 16      2022-02-15 11:59:43.977786779      90.35  19.852998
#[Out]# 17      2022-02-15 11:59:43.977794647     100.00  20.449017
#[Out]# 18      2022-02-15 11:59:43.977803946     100.00  21.045472
#[Out]# 19      2022-02-15 11:59:43.977809906     100.00  21.641597
#[Out]# 20      2022-02-15 11:59:43.977817059     100.00  22.237914
#[Out]# 21      2022-02-15 11:59:43.977824211     100.00  22.833958
# Tue, 15 Feb 2022 16:15:36
dataset.to_csv('fly.csv')
# Tue, 15 Feb 2022 16:15:45
get_ipython().run_line_magic('pinfo', 'dataset')
# Tue, 22 Feb 2022 10:54:15
exit()
